<?xml version="1.0" encoding="UTF-8"?>
<!-- Generated by org.testng.reporters.JUnitReportReporter -->
<testsuite hostname="LAPTOP-HGO69DMD" failures="0" tests="3" name="day8.firstTest" time="0.013" errors="0" timestamp="2024-08-07T09:17:36 IST" skipped="0">
  <testcase classname="day8.firstTest" name="openapp" time="0.006"/>
  <system-out/>
  <testcase classname="day8.firstTest" name="login" time="0.004"/>
  <system-out/>
  <testcase classname="day8.firstTest" name="logout" time="0.003"/>
  <system-out/>
</testsuite> <!-- day8.firstTest -->
