<?xml version="1.0" encoding="UTF-8"?>
<!-- Generated by org.testng.reporters.JUnitReportReporter -->
<testsuite hostname="LAPTOP-HGO69DMD" failures="0" tests="3" name="day8.SecondClass" time="21.701" errors="0" timestamp="2024-08-31T16:13:56 IST" skipped="0">
  <testcase classname="day8.SecondClass" name="openapp" time="18.741"/>
  <system-out/>
  <testcase classname="day8.SecondClass" name="login" time="2.352"/>
  <system-out/>
  <testcase classname="day8.SecondClass" name="close" time="0.608"/>
  <system-out/>
</testsuite> <!-- day8.SecondClass -->
