<?xml version="1.0" encoding="UTF-8"?>
<!-- Generated by org.testng.reporters.JUnitReportReporter -->
<testsuite hostname="LAPTOP-HGO69DMD" failures="0" tests="3" name="day8.firstTest" time="0.023" errors="0" timestamp="2024-08-06T18:49:09 IST" skipped="0">
  <testcase classname="day8.firstTest" name="openapp" time="0.018"/>
  <system-out/>
  <testcase classname="day8.firstTest" name="login" time="0.002"/>
  <system-out/>
  <testcase classname="day8.firstTest" name="logout" time="0.003"/>
  <system-out/>
</testsuite> <!-- day8.firstTest -->
