<?xml version="1.0" encoding="UTF-8"?>
<!-- Generated by org.testng.reporters.JUnitReportReporter -->
<testsuite hostname="LAPTOP-HGO69DMD" failures="0" tests="3" name="day8.ThridClass" time="0.019" errors="0" timestamp="2024-08-20T08:20:40 IST" skipped="0">
  <testcase classname="day8.ThridClass" name="test1" time="0.016"/>
  <system-out/>
  <testcase classname="day8.ThridClass" name="test2" time="0.002"/>
  <system-out/>
  <testcase classname="day8.ThridClass" name="test3" time="0.001"/>
  <system-out/>
</testsuite> <!-- day8.ThridClass -->
