<?xml version="1.0" encoding="UTF-8"?>
<!-- Generated by org.testng.reporters.JUnitReportReporter -->
<testsuite hostname="LAPTOP-HGO69DMD" failures="0" tests="3" name="day8.SecondClass" time="14.339" errors="0" timestamp="2024-08-07T09:17:36 IST" skipped="0">
  <testcase classname="day8.SecondClass" name="openapp" time="11.630"/>
  <system-out/>
  <testcase classname="day8.SecondClass" name="login" time="1.992"/>
  <system-out/>
  <testcase classname="day8.SecondClass" name="close" time="0.717"/>
  <system-out/>
</testsuite> <!-- day8.SecondClass -->
