<?xml version="1.0" encoding="UTF-8"?>
<!-- Generated by org.testng.reporters.JUnitReportReporter -->
<testsuite hostname="LAPTOP-HGO69DMD" failures="0" tests="3" name="day8.ThridClass" time="0.048" errors="0" timestamp="2024-08-07T09:17:36 IST" skipped="0">
  <testcase classname="day8.ThridClass" name="test1" time="0.037"/>
  <system-out/>
  <testcase classname="day8.ThridClass" name="test2" time="0.005"/>
  <system-out/>
  <testcase classname="day8.ThridClass" name="test3" time="0.006"/>
  <system-out/>
</testsuite> <!-- day8.ThridClass -->
